<?xml version="1.0" encoding="UTF-8"?>
<!-- Generated by org.testng.reporters.JUnitReportReporter -->
<testsuite skipped="0" hostname="WINCTRL-C8DV6QE" name="maven_package.DemoTestTwo" tests="1" failures="0" timestamp="2021-02-24T18:18:43 IST" time="20.421" errors="0">
  <testcase name="testmethod2" time="20.421" classname="maven_package.DemoTestTwo"/>
  <system-out/>
</testsuite> <!-- maven_package.DemoTestTwo -->
