<?xml version="1.0" encoding="UTF-8"?>
<!-- Generated by org.testng.reporters.JUnitReportReporter -->
<testsuite skipped="0" hostname="WINCTRL-C8DV6QE" name="maven_package.DemoTest" tests="1" failures="0" timestamp="2021-02-24T18:06:15 IST" time="19.882" errors="0">
  <testcase name="testmethod" time="19.882" classname="maven_package.DemoTest"/>
  <system-out/>
</testsuite> <!-- maven_package.DemoTest -->
