<?xml version="1.0" encoding="UTF-8"?>
<!-- Generated by org.testng.reporters.JUnitReportReporter -->
<testsuite skipped="0" hostname="WINCTRL-C8DV6QE" name="maven_package.DemoTestOne" tests="1" failures="0" timestamp="2021-02-24T18:18:43 IST" time="11.652" errors="0">
  <testcase name="testmethod" time="11.652" classname="maven_package.DemoTestOne"/>
  <system-out/>
</testsuite> <!-- maven_package.DemoTestOne -->
