<?xml version="1.0" encoding="UTF-8"?>
<!-- Generated by org.testng.reporters.JUnitReportReporter -->
<testsuite skipped="0" hostname="WINCTRL-C8DV6QE" name="maven_package.DemoOneTest" tests="1" failures="0" timestamp="2021-02-24T18:37:24 IST" time="14.753" errors="0">
  <testcase name="testmethod" time="14.753" classname="maven_package.DemoOneTest"/>
  <system-out/>
</testsuite> <!-- maven_package.DemoOneTest -->
